
> server@1.0.0 start
> node dist/index.js

⚡️[server]: Minimal Express Server is running at http://localhost:5000
Minimal application initialization complete. Server should now be active.
Business setup completed for user: 644561fb-e690-4c01-b87d-a6792fa5a60c Business: 7a4cfa4a-b5b9-431c-81e3-c5a8de2fb3fb
=== JWT DEBUG ===
Raw token received: eyJhbGciOiJIUzI1NiIsInR5cCI6IkpXVCJ9.eyJ1c2VyIjp7I...
Decoded JWT user ID: 644561fb-e690-4c01-b87d-a6792fa5a60c
User from database: {
  id: '644561fb-e690-4c01-b87d-a6792fa5a60c',
  name: 'twat',
  email: 'p@gmail.com'
}
User ID from middleware: 644561fb-e690-4c01-b87d-a6792fa5a60c
Business query result: [ { business_id: '7a4cfa4a-b5b9-431c-81e3-c5a8de2fb3fb' } ]
Using business_id: 7a4cfa4a-b5b9-431c-81e3-c5a8de2fb3fb
=== LOGIN ATTEMPT ===
Email: q@gmail.com
User found: a6498630-6c1c-45e7-8b5a-0b71e639819f a
Password mismatch
=== LOGIN ATTEMPT ===
Email: q@gmail.com
User found: a6498630-6c1c-45e7-8b5a-0b71e639819f a
Creating JWT for user: a6498630-6c1c-45e7-8b5a-0b71e639819f
=== LOGIN SUCCESS ===
JWT created for user ID: a6498630-6c1c-45e7-8b5a-0b71e639819f
User name: a
User email: q@gmail.com
Token (first 50 chars): eyJhbGciOiJIUzI1NiIsInR5cCI6IkpXVCJ9.eyJ1c2VyIjp7I...
Needs business setup: false
